TN:
SF:/Users/lule/Documents/node/node-backend-Ekalaamu/config/config.js
FNF:0
FNH:0
DA:2,1
DA:3,1
DA:5,1
DA:21,1
DA:32,1
DA:43,1
DA:48,1
DA:50,1
LF:8
LH:8
BRDA:3,0,0,1
BRDA:3,0,1,0
BRDA:8,1,0,1
BRDA:8,1,1,1
BRDA:23,2,0,1
BRDA:23,2,1,1
BRDA:34,3,0,1
BRDA:34,3,1,1
BRF:8
BRH:7
end_of_record
TN:
SF:/Users/lule/Documents/node/node-backend-Ekalaamu/src/app.js
FN:15,(anonymous_0)
FN:19,(anonymous_1)
FN:24,(anonymous_2)
FN:30,(anonymous_3)
FNF:4
FNH:2
FNDA:1,(anonymous_0)
FNDA:0,(anonymous_1)
FNDA:0,(anonymous_2)
FNDA:1,(anonymous_3)
DA:1,1
DA:2,1
DA:3,1
DA:4,1
DA:5,1
DA:6,1
DA:7,1
DA:9,1
DA:10,1
DA:11,1
DA:14,1
DA:16,1
DA:17,1
DA:19,0
DA:22,1
DA:24,1
DA:25,0
DA:28,1
DA:30,1
DA:32,1
LF:20
LH:18
BRF:0
BRH:0
end_of_record
TN:
SF:/Users/lule/Documents/node/node-backend-Ekalaamu/src/controllers/user/auth.js
FN:10,_callee
FN:29,_callee2
FN:41,_callee3
FNF:3
FNH:3
FNDA:12,_callee
FNDA:5,_callee2
FNDA:13,_callee3
DA:1,1
DA:2,1
DA:3,1
DA:4,1
DA:5,1
DA:7,1
DA:10,44
DA:11,3
DA:12,3
DA:16,2
DA:23,2
DA:24,2
DA:26,2
DA:29,16
DA:30,1
DA:31,1
DA:41,54
DA:44,3
DA:53,1
LF:19
LH:19
BRDA:10,0,0,3
BRDA:10,0,1,3
BRDA:10,0,2,2
BRDA:10,0,3,2
BRDA:10,0,4,2
BRDA:10,0,5,3
BRDA:10,1,0,2
BRDA:10,1,1,1
BRDA:29,2,0,1
BRDA:29,2,1,1
BRDA:29,2,2,1
BRDA:29,2,3,0
BRDA:29,2,4,0
BRDA:29,2,5,1
BRDA:29,3,0,0
BRDA:29,3,1,1
BRDA:41,4,0,3
BRDA:41,4,1,3
BRDA:41,4,2,2
BRDA:41,4,3,1
BRDA:41,4,4,1
BRDA:41,4,5,0
BRDA:41,4,6,3
BRDA:41,5,0,3
BRDA:41,5,1,2
BRDA:55,6,0,1
BRDA:55,6,1,0
BRF:27
BRH:22
end_of_record
TN:
SF:/Users/lule/Documents/node/node-backend-Ekalaamu/src/helpers/actions.js
FN:2,(anonymous_1)
FN:3,_callee
FNF:2
FNH:2
FNDA:2,(anonymous_1)
FNDA:16,_callee
DA:2,2
DA:3,68
DA:4,4
LF:3
LH:3
BRDA:3,0,0,4
BRDA:3,0,1,0
BRDA:3,0,2,4
BRDA:3,0,3,4
BRDA:3,0,4,4
BRDA:3,0,5,0
BRDA:3,0,6,4
BRDA:3,1,0,0
BRDA:3,1,1,4
BRDA:3,2,0,8
BRDA:3,2,1,0
BRF:11
BRH:7
end_of_record
TN:
SF:/Users/lule/Documents/node/node-backend-Ekalaamu/src/helpers/jwt.js
FN:3,signToken
FN:15,decodeToken
FNF:2
FNH:2
FNDA:3,signToken
FNDA:1,decodeToken
DA:1,1
DA:3,1
DA:4,3
DA:15,1
LF:4
LH:4
BRF:0
BRH:0
end_of_record
TN:
SF:/Users/lule/Documents/node/node-backend-Ekalaamu/src/helpers/mailer.js
FN:4,sendMail
FN:9,(anonymous_1)
FN:10,(anonymous_2)
FN:15,verificationEmail
FNF:4
FNH:4
FNDA:2,sendMail
FNDA:1,(anonymous_1)
FNDA:1,(anonymous_2)
FNDA:2,verificationEmail
DA:1,1
DA:4,1
DA:5,2
DA:7,2
DA:9,1
DA:10,1
DA:15,3
LF:7
LH:7
BRF:0
BRH:0
end_of_record
TN:
SF:/Users/lule/Documents/node/node-backend-Ekalaamu/src/models/index.js
FNF:0
FNH:0
DA:1,1
DA:2,1
DA:3,1
DA:6,1
DA:7,0
DA:8,0
DA:10,0
DA:13,1
DA:23,1
LF:9
LH:6
BRDA:6,0,0,0
BRDA:6,0,1,1
BRF:2
BRH:1
end_of_record
TN:
SF:/Users/lule/Documents/node/node-backend-Ekalaamu/src/models/user.js
FN:40,afterValidate
FN:48,(anonymous_1)
FN:48,_callee
FN:48,validatePassword
FNF:4
FNH:1
FNDA:0,afterValidate
FNDA:1,(anonymous_1)
FNDA:0,_callee
FNDA:0,validatePassword
DA:1,1
DA:2,1
DA:3,1
DA:5,1
DA:41,0
DA:42,0
DA:48,3
LF:7
LH:5
BRDA:48,0,0,0
BRDA:48,0,1,0
BRDA:48,0,2,0
BRF:3
BRH:0
end_of_record
TN:
SF:/Users/lule/Documents/node/node-backend-Ekalaamu/src/routes/index.js
FN:7,routes
FNF:1
FNH:1
FNDA:1,routes
DA:1,1
DA:2,1
DA:3,1
DA:7,1
DA:8,1
DA:10,1
DA:12,1
LF:7
LH:7
BRF:0
BRH:0
end_of_record
TN:
SF:/Users/lule/Documents/node/node-backend-Ekalaamu/src/routes/user.js
FN:3,userRoutes
FNF:1
FNH:1
FNDA:1,userRoutes
DA:1,1
DA:3,1
DA:5,1
DA:7,1
LF:4
LH:4
BRF:0
BRH:0
end_of_record
